Command line:
   tb_keyGen_isim_beh.exe
     -simmode  gui
     -simrunnum  0
     -socket  49658

Tue Jan 30 01:17:13 2018


 Elaboration Time: 0.09375 sec

 Current Memory Usage: 1377.82 Meg

 Total Signals          : 221
 Total Nets             : 375
 Total Signal Drivers   : 63
 Total Blocks           : 33
 Total Primitive Blocks : 21
 Total Processes        : 49
 Total Traceable Variables  : 155
 Total Scalar Nets and Variables : 7470
Total Line Count : 334

 Total Simulation Time: 0.09375 sec

 Current Memory Usage: 905.933 Meg

Tue Jan 30 01:18:34 2018

