Command line:
   addr_gen_isim_beh.exe
     -simmode  gui
     -simrunnum  0
     -socket  55219

Sun Feb 04 21:32:41 2018


 Elaboration Time: 0.09375 sec

 Current Memory Usage: 1535.94 Meg

 Total Signals          : 10
 Total Nets             : 21
 Total Signal Drivers   : 4
 Total Blocks           : 3
 Total Primitive Blocks : 3
 Total Processes        : 4
 Total Traceable Variables  : 13
 Total Scalar Nets and Variables : 504
Total Line Count : 8

 Total Simulation Time: 0.09375 sec

 Current Memory Usage: 1535.94 Meg

Sun Feb 04 21:32:48 2018

